\BOOKMARK [0][-]{chapter*.1}{Acknowledgments}{}% 1
\BOOKMARK [0][-]{chapter*.1}{Abstract}{}% 2
\BOOKMARK [0][-]{chapter*.3}{List of Tables}{}% 3
\BOOKMARK [0][-]{chapter*.4}{List of Figures}{}% 4
\BOOKMARK [0][-]{chapter.1}{Chapter 1. Introduction}{}% 5
\BOOKMARK [1][-]{section.1.1}{Objectives and Outline}{chapter.1}% 6
\BOOKMARK [1][-]{section.1.2}{The Bayesian Inference Framework}{chapter.1}% 7
\BOOKMARK [1][-]{section.1.3}{Bayesian Mixture Models}{chapter.1}% 8
\BOOKMARK [2][-]{subsection.1.3.1}{Bayesian non parametrics and mixture models}{section.1.3}% 9
\BOOKMARK [1][-]{section.1.4}{Markov Chain Monte Carlo Posterior Simulation}{chapter.1}% 10
\BOOKMARK [2][-]{subsection.1.4.1}{Metropolis Hastings}{section.1.4}% 11
\BOOKMARK [2][-]{subsection.1.4.2}{Gibbs sampler}{section.1.4}% 12
\BOOKMARK [2][-]{subsection.1.4.3}{Reversible jumps and variable dimensions}{section.1.4}% 13
\BOOKMARK [0][-]{chapter.2}{Chapter 2. A Bayesian Random Partition Model for Sequential Refinement and Coagulation}{}% 14
\BOOKMARK [1][-]{section.2.1}{Scientific publication}{chapter.2}% 15
\BOOKMARK [1][-]{section.2.2}{Introduction}{chapter.2}% 16
\BOOKMARK [2][-]{subsection.2.2.1}{Overview}{section.2.2}% 17
\BOOKMARK [2][-]{subsection.2.2.2}{Dataset}{section.2.2}% 18
\BOOKMARK [1][-]{section.2.3}{Probability Model}{chapter.2}% 19
\BOOKMARK [1][-]{section.2.4}{Posterior Inference}{chapter.2}% 20
\BOOKMARK [1][-]{section.2.5}{Simulation}{chapter.2}% 21
\BOOKMARK [1][-]{section.2.6}{Proteomics Data}{chapter.2}% 22
\BOOKMARK [1][-]{section.2.7}{Discussion}{chapter.2}% 23
\BOOKMARK [0][-]{chapter.3}{Chapter 3. Dependent Mixtures: Modelling Cell Lineages}{}% 24
\BOOKMARK [1][-]{section.3.1}{Introduction}{chapter.3}% 25
\BOOKMARK [2][-]{subsection.3.1.1}{Modeling cell lineage data}{section.3.1}% 26
\BOOKMARK [2][-]{subsection.3.1.2}{Dependent mixture models}{section.3.1}% 27
\BOOKMARK [1][-]{section.3.2}{Dependent Mixture Models for Cell Lineage Data}{chapter.3}% 28
\BOOKMARK [2][-]{subsection.3.2.1}{Soft MST-dependent prior}{section.3.2}% 29
\BOOKMARK [2][-]{subsection.3.2.2}{Hard MST-dependent mixture model}{section.3.2}% 30
\BOOKMARK [1][-]{section.3.3}{Posterior Inference}{chapter.3}% 31
\BOOKMARK [2][-]{subsection.3.3.1}{Optimal partition}{section.3.3}% 32
\BOOKMARK [2][-]{subsection.3.3.2}{Estimation of pseudotimes}{section.3.3}% 33
\BOOKMARK [1][-]{section.3.4}{Simulated Datasets}{chapter.3}% 34
\BOOKMARK [2][-]{subsection.3.4.1}{Simulation 1}{section.3.4}% 35
\BOOKMARK [2][-]{subsection.3.4.2}{Simulation 2}{section.3.4}% 36
\BOOKMARK [1][-]{section.3.5}{Mouse Data}{chapter.3}% 37
\BOOKMARK [1][-]{section.3.6}{Discussion}{chapter.3}% 38
\BOOKMARK [0][-]{chapter.4}{Chapter 4. A Two Step Bayesian Model for Matching Cell Line and Patient Genomic Profiles}{}% 39
\BOOKMARK [1][-]{section.4.1}{Introduction}{chapter.4}% 40
\BOOKMARK [1][-]{section.4.2}{ POE Model}{chapter.4}% 41
\BOOKMARK [2][-]{subsection.4.2.1}{Posterior inference for the POE model}{section.4.2}% 42
\BOOKMARK [1][-]{section.4.3}{Nonparametric Bayesian Clustering with Patient and Cell Line Matching}{chapter.4}% 43
\BOOKMARK [2][-]{subsection.4.3.1}{ A nested random partition and matching structure}{section.4.3}% 44
\BOOKMARK [2][-]{subsection.4.3.2}{Summarizing the posterior nested partition}{section.4.3}% 45
\BOOKMARK [1][-]{section.4.4}{Simulation}{chapter.4}% 46
\BOOKMARK [2][-]{subsection.4.4.1}{Simulation 1: POE}{section.4.4}% 47
\BOOKMARK [2][-]{subsection.4.4.2}{Simulation 2: nested partitions}{section.4.4}% 48
\BOOKMARK [1][-]{section.4.5}{Lung Cancer Dataset}{chapter.4}% 49
\BOOKMARK [2][-]{subsection.4.5.1}{The data}{section.4.5}% 50
\BOOKMARK [2][-]{subsection.4.5.2}{Results}{section.4.5}% 51
\BOOKMARK [1][-]{section.4.6}{Discussion and Future Directions}{chapter.4}% 52
\BOOKMARK [0][-]{chapter.5}{Chapter 5. Conclusions and future directions}{}% 53
\BOOKMARK [0][-]{chapter.5}{Appendices}{}% 54
\BOOKMARK [0][-]{chapter.1}{Appendix A. Probability distributions}{}% 55
\BOOKMARK [1][-]{section.1.1}{Normal}{chapter.1}% 56
\BOOKMARK [1][-]{section.1.2}{Multivariate Normal}{chapter.1}% 57
\BOOKMARK [1][-]{section.1.3}{Gamma}{chapter.1}% 58
\BOOKMARK [1][-]{section.1.4}{Inverse Gamma}{chapter.1}% 59
\BOOKMARK [1][-]{section.1.5}{Student-t}{chapter.1}% 60
\BOOKMARK [1][-]{section.1.6}{Multivariate Student-t}{chapter.1}% 61
\BOOKMARK [1][-]{section.1.7}{Laplace}{chapter.1}% 62
\BOOKMARK [1][-]{section.1.8}{Negative Binomial}{chapter.1}% 63
\BOOKMARK [1][-]{section.1.9}{Log Normal}{chapter.1}% 64
\BOOKMARK [0][-]{chapter.2}{Appendix B. Appendix for Chapter 2}{}% 65
\BOOKMARK [1][-]{section.2.1}{Full Conditionals}{chapter.2}% 66
\BOOKMARK [1][-]{section.2.2}{Number of Model Parameters for AIC and BIC}{chapter.2}% 67
\BOOKMARK [0][-]{chapter.3}{Appendix C. Appendix for Chapter 3}{}% 68
\BOOKMARK [1][-]{section.3.1}{Proper Prior on \(1, \203, k, b1, \203, bk, k\)}{chapter.3}% 69
\BOOKMARK [1][-]{section.3.2}{Full Conditional Distributions for the s-MST Model}{chapter.3}% 70
\BOOKMARK [1][-]{section.3.3}{Full Conditional Distributions for the h-MST Model}{chapter.3}% 71
\BOOKMARK [0][-]{chapter.4}{Appendix D. Appendix for Chapter 4}{}% 72
\BOOKMARK [1][-]{section.4.1}{Full Conditionals for the POE Model}{chapter.4}% 73
\BOOKMARK [2][-]{subsection.4.1.1}{Sampling from truncated distributions within MCMC}{section.4.1}% 74
\BOOKMARK [1][-]{section.4.2}{Full Conditionals for Matching Cell Line and Patients Model}{chapter.4}% 75
\BOOKMARK [0][-]{equation.4.2.7}{Bibliography}{}% 76
